<?xml version="1.0" encoding="UTF-8"?>
<testng-results ignored="0" total="1" passed="1" failed="0" skipped="0">
  <reporter-output>
  </reporter-output>
  <suite started-at="2022-10-12T16:13:34 IST" name="Default suite" finished-at="2022-10-12T16:14:13 IST" duration-ms="38854">
    <groups>
    </groups>
    <test started-at="2022-10-12T16:13:34 IST" name="Default test" finished-at="2022-10-12T16:14:13 IST" duration-ms="38854">
      <class name="com.simplilearn.demo.FlipKart">
        <test-method is-config="true" signature="beforeMethod()[pri:0, instance:com.simplilearn.demo.FlipKart@4c309d4d]" started-at="2022-10-12T16:13:34 IST" name="beforeMethod" finished-at="2022-10-12T16:13:37 IST" duration-ms="3153" status="PASS">
          <reporter-output>
          </reporter-output>
        </test-method> <!-- beforeMethod -->
        <test-method signature="flipkart()[pri:0, instance:com.simplilearn.demo.FlipKart@4c309d4d]" started-at="2022-10-12T16:13:37 IST" name="flipkart" finished-at="2022-10-12T16:14:13 IST" duration-ms="35608" status="PASS">
          <reporter-output>
          </reporter-output>
        </test-method> <!-- flipkart -->
        <test-method is-config="true" signature="afterMethod()[pri:0, instance:com.simplilearn.demo.FlipKart@4c309d4d]" started-at="2022-10-12T16:14:13 IST" name="afterMethod" finished-at="2022-10-12T16:14:13 IST" duration-ms="1" status="PASS">
          <reporter-output>
          </reporter-output>
        </test-method> <!-- afterMethod -->
      </class> <!-- com.simplilearn.demo.FlipKart -->
    </test> <!-- Default test -->
  </suite> <!-- Default suite -->
</testng-results>
